{"D:\\testing\\MM-Hospital-Management\\backend\\controllers\\IT22602978_Controllers\\PatientProfileCreation.controller_03.js": {"path":"D:\\testing\\MM-Hospital-Management\\backend\\controllers\\IT22602978_Controllers\\PatientProfileCreation.controller_03.js","statementMap":{"0":{"start":{"line":4,"column":36},"end":{"line":15,"column":1}},"1":{"start":{"line":5,"column":4},"end":{"line":14,"column":5}},"2":{"start":{"line":6,"column":27},"end":{"line":6,"column":63}},"3":{"start":{"line":7,"column":8},"end":{"line":7,"column":67}},"4":{"start":{"line":9,"column":8},"end":{"line":13,"column":9}},"5":{"start":{"line":10,"column":12},"end":{"line":10,"column":73}},"6":{"start":{"line":12,"column":12},"end":{"line":12,"column":71}},"7":{"start":{"line":17,"column":33},"end":{"line":28,"column":1}},"8":{"start":{"line":18,"column":4},"end":{"line":27,"column":5}},"9":{"start":{"line":19,"column":24},"end":{"line":19,"column":69}},"10":{"start":{"line":20,"column":8},"end":{"line":20,"column":45}},"11":{"start":{"line":22,"column":8},"end":{"line":26,"column":9}},"12":{"start":{"line":23,"column":12},"end":{"line":23,"column":67}},"13":{"start":{"line":25,"column":12},"end":{"line":25,"column":71}}},"fnMap":{"0":{"name":"(anonymous_0)","decl":{"start":{"line":4,"column":36},"end":{"line":4,"column":37}},"loc":{"start":{"line":4,"column":62},"end":{"line":15,"column":1}},"line":4},"1":{"name":"(anonymous_1)","decl":{"start":{"line":17,"column":33},"end":{"line":17,"column":34}},"loc":{"start":{"line":17,"column":59},"end":{"line":28,"column":1}},"line":17}},"branchMap":{"0":{"loc":{"start":{"line":9,"column":8},"end":{"line":13,"column":9}},"type":"if","locations":[{"start":{"line":9,"column":8},"end":{"line":13,"column":9}},{"start":{"line":11,"column":15},"end":{"line":13,"column":9}}],"line":9},"1":{"loc":{"start":{"line":22,"column":8},"end":{"line":26,"column":9}},"type":"if","locations":[{"start":{"line":22,"column":8},"end":{"line":26,"column":9}},{"start":{"line":24,"column":15},"end":{"line":26,"column":9}}],"line":22}},"s":{"0":1,"1":3,"2":3,"3":1,"4":2,"5":1,"6":1,"7":1,"8":2,"9":2,"10":1,"11":1,"12":1,"13":0},"f":{"0":3,"1":2},"b":{"0":[1,1],"1":[1,0]},"_coverageSchema":"1a1c01bbd47fc00a2c39e90264f33305004495a9","hash":"e57ebb91192f03daf61cbe05c55adb22e8b9278f"}
,"D:\\testing\\MM-Hospital-Management\\backend\\models\\IT22602978_Models\\PatientProfileCreation.model_03.js": {"path":"D:\\testing\\MM-Hospital-Management\\backend\\models\\IT22602978_Models\\PatientProfileCreation.model_03.js","statementMap":{"0":{"start":{"line":3,"column":37},"end":{"line":61,"column":21}},"1":{"start":{"line":63,"column":31},"end":{"line":63,"column":93}}},"fnMap":{},"branchMap":{},"s":{"0":1,"1":1},"f":{},"b":{},"_coverageSchema":"1a1c01bbd47fc00a2c39e90264f33305004495a9","hash":"cfb86662d43406f19df462c1acc1d1d2a14604d4"}
,"D:\\testing\\MM-Hospital-Management\\backend\\observers\\Observer_03.js": {"path":"D:\\testing\\MM-Hospital-Management\\backend\\observers\\Observer_03.js","statementMap":{"0":{"start":{"line":5,"column":6},"end":{"line":5,"column":71}}},"fnMap":{"0":{"name":"(anonymous_0)","decl":{"start":{"line":4,"column":4},"end":{"line":4,"column":5}},"loc":{"start":{"line":4,"column":17},"end":{"line":6,"column":5}},"line":4}},"branchMap":{},"s":{"0":0},"f":{"0":0},"b":{},"_coverageSchema":"1a1c01bbd47fc00a2c39e90264f33305004495a9","hash":"1319a99aa8d6db57365147aa7ccda4ae2e356a98"}
,"D:\\testing\\MM-Hospital-Management\\backend\\observers\\IT22602978_Observers\\LoggingObserver_03.js": {"path":"D:\\testing\\MM-Hospital-Management\\backend\\observers\\IT22602978_Observers\\LoggingObserver_03.js","statementMap":{"0":{"start":{"line":7,"column":4},"end":{"line":7,"column":12}},"1":{"start":{"line":9,"column":4},"end":{"line":9,"column":107}},"2":{"start":{"line":11,"column":4},"end":{"line":11,"column":30}},"3":{"start":{"line":15,"column":19},"end":{"line":15,"column":49}},"4":{"start":{"line":17,"column":4},"end":{"line":19,"column":5}},"5":{"start":{"line":18,"column":6},"end":{"line":18,"column":48}},"6":{"start":{"line":23,"column":22},"end":{"line":23,"column":46}},"7":{"start":{"line":24,"column":23},"end":{"line":24,"column":52}},"8":{"start":{"line":26,"column":24},"end":{"line":26,"column":91}},"9":{"start":{"line":28,"column":4},"end":{"line":32,"column":7}},"10":{"start":{"line":29,"column":6},"end":{"line":31,"column":7}},"11":{"start":{"line":30,"column":28},"end":{"line":30,"column":113}},"12":{"start":{"line":36,"column":21},"end":{"line":36,"column":23}},"13":{"start":{"line":38,"column":4},"end":{"line":57,"column":5}},"14":{"start":{"line":39,"column":6},"end":{"line":39,"column":90}},"15":{"start":{"line":41,"column":11},"end":{"line":57,"column":5}},"16":{"start":{"line":42,"column":6},"end":{"line":42,"column":81}},"17":{"start":{"line":43,"column":11},"end":{"line":57,"column":5}},"18":{"start":{"line":44,"column":6},"end":{"line":44,"column":88}},"19":{"start":{"line":45,"column":11},"end":{"line":57,"column":5}},"20":{"start":{"line":46,"column":6},"end":{"line":46,"column":107}},"21":{"start":{"line":47,"column":11},"end":{"line":57,"column":5}},"22":{"start":{"line":48,"column":6},"end":{"line":48,"column":135}},"23":{"start":{"line":49,"column":11},"end":{"line":57,"column":5}},"24":{"start":{"line":50,"column":6},"end":{"line":50,"column":107}},"25":{"start":{"line":51,"column":11},"end":{"line":57,"column":5}},"26":{"start":{"line":52,"column":6},"end":{"line":52,"column":122}},"27":{"start":{"line":53,"column":11},"end":{"line":57,"column":5}},"28":{"start":{"line":54,"column":6},"end":{"line":54,"column":64}},"29":{"start":{"line":56,"column":6},"end":{"line":56,"column":55}},"30":{"start":{"line":60,"column":4},"end":{"line":60,"column":31}},"31":{"start":{"line":72,"column":85},"end":{"line":72,"column":40142}},"32":{"start":{"line":72,"column":89},"end":{"line":72,"column":40131}}},"fnMap":{"0":{"name":"(anonymous_0)","decl":{"start":{"line":6,"column":2},"end":{"line":6,"column":3}},"loc":{"start":{"line":6,"column":16},"end":{"line":12,"column":3}},"line":6},"1":{"name":"(anonymous_1)","decl":{"start":{"line":14,"column":2},"end":{"line":14,"column":3}},"loc":{"start":{"line":14,"column":23},"end":{"line":20,"column":3}},"line":14},"2":{"name":"(anonymous_2)","decl":{"start":{"line":22,"column":2},"end":{"line":22,"column":3}},"loc":{"start":{"line":22,"column":21},"end":{"line":33,"column":3}},"line":22},"3":{"name":"(anonymous_3)","decl":{"start":{"line":28,"column":48},"end":{"line":28,"column":49}},"loc":{"start":{"line":28,"column":57},"end":{"line":32,"column":5}},"line":28},"4":{"name":"(anonymous_4)","decl":{"start":{"line":35,"column":2},"end":{"line":35,"column":3}},"loc":{"start":{"line":35,"column":20},"end":{"line":62,"column":3}},"line":35},"5":{"name":"oo_cm","decl":{"start":{"line":72,"column":77},"end":{"line":72,"column":82}},"loc":{"start":{"line":72,"column":84},"end":{"line":72,"column":40143}},"line":72}},"branchMap":{"0":{"loc":{"start":{"line":17,"column":4},"end":{"line":19,"column":5}},"type":"if","locations":[{"start":{"line":17,"column":4},"end":{"line":19,"column":5}},{"start":{},"end":{}}],"line":17},"1":{"loc":{"start":{"line":29,"column":6},"end":{"line":31,"column":7}},"type":"if","locations":[{"start":{"line":29,"column":6},"end":{"line":31,"column":7}},{"start":{},"end":{}}],"line":29},"2":{"loc":{"start":{"line":38,"column":4},"end":{"line":57,"column":5}},"type":"if","locations":[{"start":{"line":38,"column":4},"end":{"line":57,"column":5}},{"start":{"line":41,"column":11},"end":{"line":57,"column":5}}],"line":38},"3":{"loc":{"start":{"line":41,"column":11},"end":{"line":57,"column":5}},"type":"if","locations":[{"start":{"line":41,"column":11},"end":{"line":57,"column":5}},{"start":{"line":43,"column":11},"end":{"line":57,"column":5}}],"line":41},"4":{"loc":{"start":{"line":43,"column":11},"end":{"line":57,"column":5}},"type":"if","locations":[{"start":{"line":43,"column":11},"end":{"line":57,"column":5}},{"start":{"line":45,"column":11},"end":{"line":57,"column":5}}],"line":43},"5":{"loc":{"start":{"line":45,"column":11},"end":{"line":57,"column":5}},"type":"if","locations":[{"start":{"line":45,"column":11},"end":{"line":57,"column":5}},{"start":{"line":47,"column":11},"end":{"line":57,"column":5}}],"line":45},"6":{"loc":{"start":{"line":47,"column":11},"end":{"line":57,"column":5}},"type":"if","locations":[{"start":{"line":47,"column":11},"end":{"line":57,"column":5}},{"start":{"line":49,"column":11},"end":{"line":57,"column":5}}],"line":47},"7":{"loc":{"start":{"line":49,"column":11},"end":{"line":57,"column":5}},"type":"if","locations":[{"start":{"line":49,"column":11},"end":{"line":57,"column":5}},{"start":{"line":51,"column":11},"end":{"line":57,"column":5}}],"line":49},"8":{"loc":{"start":{"line":51,"column":11},"end":{"line":57,"column":5}},"type":"if","locations":[{"start":{"line":51,"column":11},"end":{"line":57,"column":5}},{"start":{"line":53,"column":11},"end":{"line":57,"column":5}}],"line":51},"9":{"loc":{"start":{"line":53,"column":11},"end":{"line":57,"column":5}},"type":"if","locations":[{"start":{"line":53,"column":11},"end":{"line":57,"column":5}},{"start":{"line":55,"column":11},"end":{"line":57,"column":5}}],"line":53},"10":{"loc":{"start":{"line":72,"column":96},"end":{"line":72,"column":40130}},"type":"binary-expr","locations":[{"start":{"line":72,"column":96},"end":{"line":72,"column":133}},{"start":{"line":72,"column":137},"end":{"line":72,"column":40130}}],"line":72}},"s":{"0":2,"1":2,"2":2,"3":2,"4":2,"5":0,"6":2,"7":2,"8":2,"9":2,"10":0,"11":0,"12":2,"13":2,"14":1,"15":1,"16":1,"17":0,"18":0,"19":0,"20":0,"21":0,"22":0,"23":0,"24":0,"25":0,"26":0,"27":0,"28":0,"29":0,"30":2,"31":2,"32":2},"f":{"0":2,"1":2,"2":2,"3":0,"4":2,"5":2},"b":{"0":[0,2],"1":[0,0],"2":[1,1],"3":[1,0],"4":[0,0],"5":[0,0],"6":[0,0],"7":[0,0],"8":[0,0],"9":[0,0],"10":[2,1]},"_coverageSchema":"1a1c01bbd47fc00a2c39e90264f33305004495a9","hash":"cf229d35e0e5c2098beead3b7e18eaa3f3242abe"}
,"D:\\testing\\MM-Hospital-Management\\backend\\observers\\IT22602978_Observers\\Subjects_03\\AppointmentSubject_03.js": {"path":"D:\\testing\\MM-Hospital-Management\\backend\\observers\\IT22602978_Observers\\Subjects_03\\AppointmentSubject_03.js","statementMap":{"0":{"start":{"line":5,"column":6},"end":{"line":5,"column":26}},"1":{"start":{"line":10,"column":6},"end":{"line":10,"column":36}},"2":{"start":{"line":15,"column":6},"end":{"line":15,"column":72}},"3":{"start":{"line":15,"column":54},"end":{"line":15,"column":70}},"4":{"start":{"line":20,"column":6},"end":{"line":20,"column":66}},"5":{"start":{"line":20,"column":43},"end":{"line":20,"column":64}},"6":{"start":{"line":25,"column":8},"end":{"line":25,"column":27}},"7":{"start":{"line":26,"column":8},"end":{"line":26,"column":22}},"8":{"start":{"line":30,"column":8},"end":{"line":30,"column":26}}},"fnMap":{"0":{"name":"(anonymous_0)","decl":{"start":{"line":4,"column":4},"end":{"line":4,"column":5}},"loc":{"start":{"line":4,"column":18},"end":{"line":6,"column":5}},"line":4},"1":{"name":"(anonymous_1)","decl":{"start":{"line":9,"column":4},"end":{"line":9,"column":5}},"loc":{"start":{"line":9,"column":21},"end":{"line":11,"column":5}},"line":9},"2":{"name":"(anonymous_2)","decl":{"start":{"line":14,"column":4},"end":{"line":14,"column":5}},"loc":{"start":{"line":14,"column":21},"end":{"line":16,"column":5}},"line":14},"3":{"name":"(anonymous_3)","decl":{"start":{"line":15,"column":45},"end":{"line":15,"column":46}},"loc":{"start":{"line":15,"column":54},"end":{"line":15,"column":70}},"line":15},"4":{"name":"(anonymous_4)","decl":{"start":{"line":19,"column":4},"end":{"line":19,"column":5}},"loc":{"start":{"line":19,"column":17},"end":{"line":21,"column":5}},"line":19},"5":{"name":"(anonymous_5)","decl":{"start":{"line":20,"column":29},"end":{"line":20,"column":30}},"loc":{"start":{"line":20,"column":43},"end":{"line":20,"column":64}},"line":20},"6":{"name":"(anonymous_6)","decl":{"start":{"line":24,"column":4},"end":{"line":24,"column":5}},"loc":{"start":{"line":24,"column":20},"end":{"line":27,"column":5}},"line":24},"7":{"name":"(anonymous_7)","decl":{"start":{"line":29,"column":4},"end":{"line":29,"column":5}},"loc":{"start":{"line":29,"column":15},"end":{"line":31,"column":5}},"line":29}},"branchMap":{},"s":{"0":2,"1":2,"2":0,"3":0,"4":2,"5":2,"6":0,"7":0,"8":0},"f":{"0":2,"1":2,"2":0,"3":0,"4":2,"5":2,"6":0,"7":0},"b":{},"_coverageSchema":"1a1c01bbd47fc00a2c39e90264f33305004495a9","hash":"a516926a1b844716b4eddeeb50909bb7eb7c7858"}
,"D:\\testing\\MM-Hospital-Management\\backend\\repositories\\IT22602978_Repositories\\PatientProfile_03.repo.js": {"path":"D:\\testing\\MM-Hospital-Management\\backend\\repositories\\IT22602978_Repositories\\PatientProfile_03.repo.js","statementMap":{"0":{"start":{"line":4,"column":36},"end":{"line":6,"column":1}},"1":{"start":{"line":5,"column":4},"end":{"line":5,"column":64}},"2":{"start":{"line":8,"column":27},"end":{"line":11,"column":1}},"3":{"start":{"line":9,"column":23},"end":{"line":9,"column":62}},"4":{"start":{"line":10,"column":4},"end":{"line":10,"column":29}}},"fnMap":{"0":{"name":"(anonymous_0)","decl":{"start":{"line":4,"column":36},"end":{"line":4,"column":37}},"loc":{"start":{"line":4,"column":49},"end":{"line":6,"column":1}},"line":4},"1":{"name":"(anonymous_1)","decl":{"start":{"line":8,"column":27},"end":{"line":8,"column":28}},"loc":{"start":{"line":8,"column":44},"end":{"line":11,"column":1}},"line":8}},"branchMap":{},"s":{"0":1,"1":0,"2":1,"3":0,"4":0},"f":{"0":0,"1":0},"b":{},"_coverageSchema":"1a1c01bbd47fc00a2c39e90264f33305004495a9","hash":"e3763d561723517bfb9bda9a3d9d9db7476a8f7e"}
,"D:\\testing\\MM-Hospital-Management\\backend\\services\\IT22602978_Services\\PatientProfile.service.js": {"path":"D:\\testing\\MM-Hospital-Management\\backend\\services\\IT22602978_Services\\PatientProfile.service.js","statementMap":{"0":{"start":{"line":6,"column":27},"end":{"line":6,"column":51}},"1":{"start":{"line":7,"column":0},"end":{"line":7,"column":49}},"2":{"start":{"line":10,"column":28},"end":{"line":40,"column":1}},"3":{"start":{"line":11,"column":27},"end":{"line":16,"column":5}},"4":{"start":{"line":18,"column":4},"end":{"line":22,"column":5}},"5":{"start":{"line":19,"column":8},"end":{"line":21,"column":9}},"6":{"start":{"line":20,"column":12},"end":{"line":20,"column":60}},"7":{"start":{"line":25,"column":23},"end":{"line":25,"column":51}},"8":{"start":{"line":26,"column":4},"end":{"line":28,"column":5}},"9":{"start":{"line":27,"column":8},"end":{"line":27,"column":48}},"10":{"start":{"line":31,"column":16},"end":{"line":31,"column":34}},"11":{"start":{"line":32,"column":4},"end":{"line":34,"column":5}},"12":{"start":{"line":33,"column":8},"end":{"line":33,"column":65}},"13":{"start":{"line":37,"column":4},"end":{"line":39,"column":5}},"14":{"start":{"line":38,"column":8},"end":{"line":38,"column":50}},"15":{"start":{"line":43,"column":36},"end":{"line":65,"column":1}},"16":{"start":{"line":44,"column":4},"end":{"line":64,"column":5}},"17":{"start":{"line":46,"column":8},"end":{"line":46,"column":41}},"18":{"start":{"line":49,"column":32},"end":{"line":49,"column":79}},"19":{"start":{"line":50,"column":8},"end":{"line":52,"column":9}},"20":{"start":{"line":51,"column":12},"end":{"line":51,"column":54}},"21":{"start":{"line":55,"column":27},"end":{"line":55,"column":57}},"22":{"start":{"line":58,"column":8},"end":{"line":58,"column":84}},"23":{"start":{"line":60,"column":8},"end":{"line":60,"column":26}},"24":{"start":{"line":62,"column":28},"end":{"line":62,"column":120}},"25":{"start":{"line":63,"column":8},"end":{"line":63,"column":20}},"26":{"start":{"line":68,"column":33},"end":{"line":81,"column":1}},"27":{"start":{"line":69,"column":4},"end":{"line":80,"column":5}},"28":{"start":{"line":70,"column":24},"end":{"line":70,"column":61}},"29":{"start":{"line":71,"column":8},"end":{"line":71,"column":59}},"30":{"start":{"line":71,"column":22},"end":{"line":71,"column":59}},"31":{"start":{"line":74,"column":8},"end":{"line":74,"column":74}},"32":{"start":{"line":76,"column":8},"end":{"line":76,"column":23}},"33":{"start":{"line":78,"column":28},"end":{"line":78,"column":122}},"34":{"start":{"line":79,"column":8},"end":{"line":79,"column":39}},"35":{"start":{"line":88,"column":85},"end":{"line":88,"column":40142}},"36":{"start":{"line":88,"column":89},"end":{"line":88,"column":40131}}},"fnMap":{"0":{"name":"(anonymous_0)","decl":{"start":{"line":10,"column":28},"end":{"line":10,"column":29}},"loc":{"start":{"line":10,"column":38},"end":{"line":40,"column":1}},"line":10},"1":{"name":"(anonymous_1)","decl":{"start":{"line":43,"column":36},"end":{"line":43,"column":37}},"loc":{"start":{"line":43,"column":59},"end":{"line":65,"column":1}},"line":43},"2":{"name":"(anonymous_2)","decl":{"start":{"line":68,"column":33},"end":{"line":68,"column":34}},"loc":{"start":{"line":68,"column":54},"end":{"line":81,"column":1}},"line":68},"3":{"name":"oo_cm","decl":{"start":{"line":88,"column":77},"end":{"line":88,"column":82}},"loc":{"start":{"line":88,"column":84},"end":{"line":88,"column":40143}},"line":88}},"branchMap":{"0":{"loc":{"start":{"line":19,"column":8},"end":{"line":21,"column":9}},"type":"if","locations":[{"start":{"line":19,"column":8},"end":{"line":21,"column":9}},{"start":{},"end":{}}],"line":19},"1":{"loc":{"start":{"line":26,"column":4},"end":{"line":28,"column":5}},"type":"if","locations":[{"start":{"line":26,"column":4},"end":{"line":28,"column":5}},{"start":{},"end":{}}],"line":26},"2":{"loc":{"start":{"line":32,"column":4},"end":{"line":34,"column":5}},"type":"if","locations":[{"start":{"line":32,"column":4},"end":{"line":34,"column":5}},{"start":{},"end":{}}],"line":32},"3":{"loc":{"start":{"line":37,"column":4},"end":{"line":39,"column":5}},"type":"if","locations":[{"start":{"line":37,"column":4},"end":{"line":39,"column":5}},{"start":{},"end":{}}],"line":37},"4":{"loc":{"start":{"line":50,"column":8},"end":{"line":52,"column":9}},"type":"if","locations":[{"start":{"line":50,"column":8},"end":{"line":52,"column":9}},{"start":{},"end":{}}],"line":50},"5":{"loc":{"start":{"line":71,"column":8},"end":{"line":71,"column":59}},"type":"if","locations":[{"start":{"line":71,"column":8},"end":{"line":71,"column":59}},{"start":{},"end":{}}],"line":71},"6":{"loc":{"start":{"line":88,"column":96},"end":{"line":88,"column":40130}},"type":"binary-expr","locations":[{"start":{"line":88,"column":96},"end":{"line":88,"column":133}},{"start":{"line":88,"column":137},"end":{"line":88,"column":40130}}],"line":88}},"s":{"0":2,"1":2,"2":2,"3":4,"4":4,"5":52,"6":1,"7":3,"8":3,"9":1,"10":2,"11":2,"12":0,"13":2,"14":0,"15":2,"16":4,"17":4,"18":2,"19":2,"20":1,"21":1,"22":1,"23":1,"24":3,"25":3,"26":2,"27":2,"28":2,"29":2,"30":1,"31":1,"32":1,"33":1,"34":1,"35":4,"36":4},"f":{"0":4,"1":4,"2":2,"3":4},"b":{"0":[1,51],"1":[1,2],"2":[0,2],"3":[0,2],"4":[1,1],"5":[1,1],"6":[4,0]},"_coverageSchema":"1a1c01bbd47fc00a2c39e90264f33305004495a9","hash":"5e9fd40f87f73cf1b5674b1b1dd60f1df336141e"}
}
