TN:
SF:backend\controllers\IT22602978_Controllers\PatientProfileCreation.controller_03.js
FN:4,(anonymous_0)
FN:17,(anonymous_1)
FNF:2
FNH:2
FNDA:3,(anonymous_0)
FNDA:2,(anonymous_1)
DA:4,1
DA:5,3
DA:6,3
DA:7,1
DA:9,2
DA:10,1
DA:12,1
DA:17,1
DA:18,2
DA:19,2
DA:20,1
DA:22,1
DA:23,1
DA:25,0
LF:14
LH:13
BRDA:9,0,0,1
BRDA:9,0,1,1
BRDA:22,1,0,1
BRDA:22,1,1,0
BRF:4
BRH:3
end_of_record
TN:
SF:backend\models\IT22602978_Models\PatientProfileCreation.model_03.js
FNF:0
FNH:0
DA:3,1
DA:63,1
LF:2
LH:2
BRF:0
BRH:0
end_of_record
TN:
SF:backend\observers\Observer_03.js
FN:4,(anonymous_0)
FNF:1
FNH:0
FNDA:0,(anonymous_0)
DA:5,0
LF:1
LH:0
BRF:0
BRH:0
end_of_record
TN:
SF:backend\observers\IT22602978_Observers\LoggingObserver_03.js
FN:6,(anonymous_0)
FN:14,(anonymous_1)
FN:22,(anonymous_2)
FN:28,(anonymous_3)
FN:35,(anonymous_4)
FN:72,oo_cm
FNF:6
FNH:5
FNDA:2,(anonymous_0)
FNDA:2,(anonymous_1)
FNDA:2,(anonymous_2)
FNDA:0,(anonymous_3)
FNDA:2,(anonymous_4)
FNDA:2,oo_cm
DA:7,2
DA:9,2
DA:11,2
DA:15,2
DA:17,2
DA:18,0
DA:23,2
DA:24,2
DA:26,2
DA:28,2
DA:29,0
DA:30,0
DA:36,2
DA:38,2
DA:39,1
DA:41,1
DA:42,1
DA:43,0
DA:44,0
DA:45,0
DA:46,0
DA:47,0
DA:48,0
DA:49,0
DA:50,0
DA:51,0
DA:52,0
DA:53,0
DA:54,0
DA:56,0
DA:60,2
DA:72,2
LF:32
LH:16
BRDA:17,0,0,0
BRDA:17,0,1,2
BRDA:29,1,0,0
BRDA:29,1,1,0
BRDA:38,2,0,1
BRDA:38,2,1,1
BRDA:41,3,0,1
BRDA:41,3,1,0
BRDA:43,4,0,0
BRDA:43,4,1,0
BRDA:45,5,0,0
BRDA:45,5,1,0
BRDA:47,6,0,0
BRDA:47,6,1,0
BRDA:49,7,0,0
BRDA:49,7,1,0
BRDA:51,8,0,0
BRDA:51,8,1,0
BRDA:53,9,0,0
BRDA:53,9,1,0
BRDA:72,10,0,2
BRDA:72,10,1,1
BRF:22
BRH:6
end_of_record
TN:
SF:backend\observers\IT22602978_Observers\Subjects_03\AppointmentSubject_03.js
FN:4,(anonymous_0)
FN:9,(anonymous_1)
FN:14,(anonymous_2)
FN:15,(anonymous_3)
FN:19,(anonymous_4)
FN:20,(anonymous_5)
FN:24,(anonymous_6)
FN:29,(anonymous_7)
FNF:8
FNH:4
FNDA:2,(anonymous_0)
FNDA:2,(anonymous_1)
FNDA:0,(anonymous_2)
FNDA:0,(anonymous_3)
FNDA:2,(anonymous_4)
FNDA:2,(anonymous_5)
FNDA:0,(anonymous_6)
FNDA:0,(anonymous_7)
DA:5,2
DA:10,2
DA:15,0
DA:20,2
DA:25,0
DA:26,0
DA:30,0
LF:7
LH:3
BRF:0
BRH:0
end_of_record
TN:
SF:backend\repositories\IT22602978_Repositories\PatientProfile_03.repo.js
FN:4,(anonymous_0)
FN:8,(anonymous_1)
FNF:2
FNH:0
FNDA:0,(anonymous_0)
FNDA:0,(anonymous_1)
DA:4,1
DA:5,0
DA:8,1
DA:9,0
DA:10,0
LF:5
LH:2
BRF:0
BRH:0
end_of_record
TN:
SF:backend\services\IT22602978_Services\PatientProfile.service.js
FN:10,(anonymous_0)
FN:43,(anonymous_1)
FN:68,(anonymous_2)
FN:88,oo_cm
FNF:4
FNH:4
FNDA:4,(anonymous_0)
FNDA:4,(anonymous_1)
FNDA:2,(anonymous_2)
FNDA:4,oo_cm
DA:6,2
DA:7,2
DA:10,2
DA:11,4
DA:18,4
DA:19,52
DA:20,1
DA:25,3
DA:26,3
DA:27,1
DA:31,2
DA:32,2
DA:33,0
DA:37,2
DA:38,0
DA:43,2
DA:44,4
DA:46,4
DA:49,2
DA:50,2
DA:51,1
DA:55,1
DA:58,1
DA:60,1
DA:62,3
DA:63,3
DA:68,2
DA:69,2
DA:70,2
DA:71,2
DA:74,1
DA:76,1
DA:78,1
DA:79,1
DA:88,4
LF:35
LH:33
BRDA:19,0,0,1
BRDA:19,0,1,51
BRDA:26,1,0,1
BRDA:26,1,1,2
BRDA:32,2,0,0
BRDA:32,2,1,2
BRDA:37,3,0,0
BRDA:37,3,1,2
BRDA:50,4,0,1
BRDA:50,4,1,1
BRDA:71,5,0,1
BRDA:71,5,1,1
BRDA:88,6,0,4
BRDA:88,6,1,0
BRF:14
BRH:11
end_of_record
